<?xml version="1.0" encoding="UTF-8"?>
<!-- Generated by org.testng.reporters.JUnitReportReporter -->
<testsuite hostname="SLB-C6J0533" failures="0" tests="4" name="api.test.UserTests" time="15.310" errors="0" timestamp="2024-09-22T11:30:43 IST" skipped="0">
  <testcase classname="api.test.UserTests" name="testpostUser" time="8.401"/>
  <system-out/>
  <testcase classname="api.test.UserTests" name="testGetUserByName" time="2.300"/>
  <system-out/>
  <testcase classname="api.test.UserTests" name="testUpdateUserByName" time="3.057"/>
  <system-out/>
  <testcase classname="api.test.UserTests" name="testDeleteUserByName" time="1.552"/>
  <system-out/>
</testsuite> <!-- api.test.UserTests -->
