<?xml version="1.0" encoding="UTF-8"?>
<!-- Generated by org.testng.reporters.JUnitReportReporter -->
<testsuite hostname="SLB-C6J0533" failures="0" tests="20" name="api.test.DDTests" time="26.188" errors="0" timestamp="2024-09-22T10:22:07 IST" skipped="0">
  <testcase classname="api.test.DDTests" name="testpostUser" time="1.116"/>
  <system-out/>
  <testcase classname="api.test.DDTests" name="testpostUser" time="1.328"/>
  <system-out/>
  <testcase classname="api.test.DDTests" name="testpostUser" time="1.078"/>
  <system-out/>
  <testcase classname="api.test.DDTests" name="testpostUser" time="3.565"/>
  <system-out/>
  <testcase classname="api.test.DDTests" name="testpostUser" time="1.824"/>
  <system-out/>
  <testcase classname="api.test.DDTests" name="testpostUser" time="1.144"/>
  <system-out/>
  <testcase classname="api.test.DDTests" name="testpostUser" time="1.396"/>
  <system-out/>
  <testcase classname="api.test.DDTests" name="testpostUser" time="1.174"/>
  <system-out/>
  <testcase classname="api.test.DDTests" name="testpostUser" time="1.214"/>
  <system-out/>
  <testcase classname="api.test.DDTests" name="testpostUser" time="1.081"/>
  <system-out/>
  <testcase classname="api.test.DDTests" name="testDeleteUserNyName" time="1.170"/>
  <system-out/>
  <testcase classname="api.test.DDTests" name="testDeleteUserNyName" time="1.116"/>
  <system-out/>
  <testcase classname="api.test.DDTests" name="testDeleteUserNyName" time="1.109"/>
  <system-out/>
  <testcase classname="api.test.DDTests" name="testDeleteUserNyName" time="1.171"/>
  <system-out/>
  <testcase classname="api.test.DDTests" name="testDeleteUserNyName" time="1.125"/>
  <system-out/>
  <testcase classname="api.test.DDTests" name="testDeleteUserNyName" time="1.116"/>
  <system-out/>
  <testcase classname="api.test.DDTests" name="testDeleteUserNyName" time="1.122"/>
  <system-out/>
  <testcase classname="api.test.DDTests" name="testDeleteUserNyName" time="1.119"/>
  <system-out/>
  <testcase classname="api.test.DDTests" name="testDeleteUserNyName" time="1.108"/>
  <system-out/>
  <testcase classname="api.test.DDTests" name="testDeleteUserNyName" time="1.112"/>
  <system-out/>
</testsuite> <!-- api.test.DDTests -->
